Start testing: Sep 04 19:34 Астраханское стандартное время
----------------------------------------------------------
3/8 Testing: ConverterJSONTest.GetRequests_ValidFile
3/8 Test: ConverterJSONTest.GetRequests_ValidFile
Command: "D:/PetProgramm/search_engine/build/search_engine_test.exe" "--gtest_filter=ConverterJSONTest.GetRequests_ValidFile" "--gtest_also_run_disabled_tests"
Directory: D:/PetProgramm/search_engine/build
"ConverterJSONTest.GetRequests_ValidFile" start time: Sep 04 19:34 Астраханское стандартное время
Output:
----------------------------------------------------------
Running main() from D:\PetProgramm\search_engine\build\_deps\googletest-src\googletest\src\gtest_main.cc
Note: Google Test filter = ConverterJSONTest.GetRequests_ValidFile
[==========] Running 1 test from 1 test suite.
[----------] Global test environment set-up.
[----------] 1 test from ConverterJSONTest
[ RUN      ] ConverterJSONTest.GetRequests_ValidFile
[       OK ] ConverterJSONTest.GetRequests_ValidFile (1 ms)
[----------] 1 test from ConverterJSONTest (1 ms total)

[----------] Global test environment tear-down
[==========] 1 test from 1 test suite ran. (1 ms total)
[  PASSED  ] 1 test.
<end of output>
Test time =   0.01 sec
----------------------------------------------------------
Test Passed.
"ConverterJSONTest.GetRequests_ValidFile" end time: Sep 04 19:34 Астраханское стандартное время
"ConverterJSONTest.GetRequests_ValidFile" time elapsed: 00:00:00
----------------------------------------------------------

End testing: Sep 04 19:34 Астраханское стандартное время
